{"numFailedTestSuites":3,"numFailedTests":6,"numPassedTestSuites":17,"numPassedTests":69,"numPendingTestSuites":0,"numPendingTests":0,"numRuntimeErrorTestSuites":0,"numTodoTests":0,"numTotalTestSuites":20,"numTotalTests":75,"openHandles":[],"snapshot":{"added":0,"didUpdate":false,"failure":false,"filesAdded":0,"filesRemoved":0,"filesRemovedList":[],"filesUnmatched":0,"filesUpdated":0,"matched":0,"total":0,"unchecked":0,"uncheckedKeysByFile":[],"unmatched":0,"updated":0},"startTime":1771344401362,"success":false,"testResults":[{"assertionResults":[{"ancestorTitles":["ANALYTICS"],"duration":557,"failing":false,"failureDetails":[{}],"failureMessages":["TypeError: Cannot read properties of null (reading 'access_token')\n    at access_token (D:\\kaka\\tests\\analytics\\analytics.test.js:95:28)\n    at processTicksAndRejections (node:internal/process/task_queues:95:5)\n    at Object.<anonymous> (D:\\kaka\\tests\\analytics\\analytics.test.js:101:17)"],"fullName":"ANALYTICS Level distribution returns correct grouped counts","invocations":1,"location":null,"numPassingAsserts":0,"retryReasons":[],"startAt":1771344409876,"status":"failed","title":"Level distribution returns correct grouped counts"},{"ancestorTitles":["ANALYTICS"],"duration":428,"failing":false,"failureDetails":[{}],"failureMessages":["TypeError: Cannot read properties of null (reading 'access_token')\n    at access_token (D:\\kaka\\tests\\analytics\\analytics.test.js:95:28)\n    at processTicksAndRejections (node:internal/process/task_queues:95:5)\n    at Object.<anonymous> (D:\\kaka\\tests\\analytics\\analytics.test.js:148:17)"],"fullName":"ANALYTICS Promotion rate calculation accurate","invocations":1,"location":null,"numPassingAsserts":0,"retryReasons":[],"startAt":1771344410461,"status":"failed","title":"Promotion rate calculation accurate"}],"endTime":1771344410950,"message":"\u001b[1m\u001b[31m  \u001b[1m● \u001b[22m\u001b[1mANALYTICS › Level distribution returns correct grouped counts\u001b[39m\u001b[22m\n\n    TypeError: Cannot read properties of null (reading 'access_token')\n\u001b[2m\u001b[22m\n\u001b[2m    \u001b[0m \u001b[90m 93 |\u001b[39m     level1\u001b[33m,\u001b[39m\u001b[22m\n\u001b[2m     \u001b[90m 94 |\u001b[39m     level2\u001b[33m,\u001b[39m\u001b[22m\n\u001b[2m    \u001b[31m\u001b[1m>\u001b[22m\u001b[2m\u001b[39m\u001b[90m 95 |\u001b[39m     token\u001b[33m:\u001b[39m login\u001b[33m.\u001b[39mbody\u001b[33m.\u001b[39mdata\u001b[33m.\u001b[39maccess_token\u001b[22m\n\u001b[2m     \u001b[90m    |\u001b[39m                            \u001b[31m\u001b[1m^\u001b[22m\u001b[2m\u001b[39m\u001b[22m\n\u001b[2m     \u001b[90m 96 |\u001b[39m   }\u001b[33m;\u001b[39m\u001b[22m\n\u001b[2m     \u001b[90m 97 |\u001b[39m }\u001b[22m\n\u001b[2m     \u001b[90m 98 |\u001b[39m\u001b[0m\u001b[22m\n\u001b[2m\u001b[22m\n\u001b[2m      \u001b[2mat access_token (\u001b[22m\u001b[2m\u001b[0m\u001b[36mtests/analytics/analytics.test.js\u001b[39m\u001b[0m\u001b[2m:95:28)\u001b[22m\u001b[2m\u001b[22m\n\u001b[2m      \u001b[2mat Object.<anonymous> (\u001b[22m\u001b[2m\u001b[0m\u001b[36mtests/analytics/analytics.test.js\u001b[39m\u001b[0m\u001b[2m:101:17)\u001b[22m\u001b[2m\u001b[22m\n\n\u001b[1m\u001b[31m  \u001b[1m● \u001b[22m\u001b[1mANALYTICS › Promotion rate calculation accurate\u001b[39m\u001b[22m\n\n    TypeError: Cannot read properties of null (reading 'access_token')\n\u001b[2m\u001b[22m\n\u001b[2m    \u001b[0m \u001b[90m 93 |\u001b[39m     level1\u001b[33m,\u001b[39m\u001b[22m\n\u001b[2m     \u001b[90m 94 |\u001b[39m     level2\u001b[33m,\u001b[39m\u001b[22m\n\u001b[2m    \u001b[31m\u001b[1m>\u001b[22m\u001b[2m\u001b[39m\u001b[90m 95 |\u001b[39m     token\u001b[33m:\u001b[39m login\u001b[33m.\u001b[39mbody\u001b[33m.\u001b[39mdata\u001b[33m.\u001b[39maccess_token\u001b[22m\n\u001b[2m     \u001b[90m    |\u001b[39m                            \u001b[31m\u001b[1m^\u001b[22m\u001b[2m\u001b[39m\u001b[22m\n\u001b[2m     \u001b[90m 96 |\u001b[39m   }\u001b[33m;\u001b[39m\u001b[22m\n\u001b[2m     \u001b[90m 97 |\u001b[39m }\u001b[22m\n\u001b[2m     \u001b[90m 98 |\u001b[39m\u001b[0m\u001b[22m\n\u001b[2m\u001b[22m\n\u001b[2m      \u001b[2mat access_token (\u001b[22m\u001b[2m\u001b[0m\u001b[36mtests/analytics/analytics.test.js\u001b[39m\u001b[0m\u001b[2m:95:28)\u001b[22m\u001b[2m\u001b[22m\n\u001b[2m      \u001b[2mat Object.<anonymous> (\u001b[22m\u001b[2m\u001b[0m\u001b[36mtests/analytics/analytics.test.js\u001b[39m\u001b[0m\u001b[2m:148:17)\u001b[22m\u001b[2m\u001b[22m\n","name":"D:\\kaka\\tests\\analytics\\analytics.test.js","startTime":1771344401684,"status":"failed","summary":""},{"assertionResults":[{"ancestorTitles":["FINANCIAL REPORTING"],"duration":110,"failing":false,"failureDetails":[],"failureMessages":[],"fullName":"FINANCIAL REPORTING SUPERADMIN summary defaults to current month and tenant scoped","invocations":1,"location":null,"numPassingAsserts":3,"retryReasons":[],"startAt":1771344416272,"status":"passed","title":"SUPERADMIN summary defaults to current month and tenant scoped"},{"ancestorTitles":["FINANCIAL REPORTING"],"duration":90,"failing":false,"failureDetails":[{"matcherResult":{"actual":100,"expected":25,"message":"\u001b[2mexpect(\u001b[22m\u001b[31mreceived\u001b[39m\u001b[2m).\u001b[22mtoBe\u001b[2m(\u001b[22m\u001b[32mexpected\u001b[39m\u001b[2m) // Object.is equality\u001b[22m\n\nExpected: \u001b[32m25\u001b[39m\nReceived: \u001b[31m100\u001b[39m","name":"toBe","pass":false}}],"failureMessages":["Error: \u001b[2mexpect(\u001b[22m\u001b[31mreceived\u001b[39m\u001b[2m).\u001b[22mtoBe\u001b[2m(\u001b[22m\u001b[32mexpected\u001b[39m\u001b[2m) // Object.is equality\u001b[22m\n\nExpected: \u001b[32m25\u001b[39m\nReceived: \u001b[31m100\u001b[39m\n    at Object.toBe (D:\\kaka\\tests\\financial\\financial.reporting.test.js:188:49)\n    at processTicksAndRejections (node:internal/process/task_queues:95:5)"],"fullName":"FINANCIAL REPORTING date range filtering works","invocations":1,"location":null,"numPassingAsserts":1,"retryReasons":[],"startAt":1771344416389,"status":"failed","title":"date range filtering works"},{"ancestorTitles":["FINANCIAL REPORTING"],"duration":92,"failing":false,"failureDetails":[{"matcherResult":{"actual":800,"expected":200,"message":"\u001b[2mexpect(\u001b[22m\u001b[31mreceived\u001b[39m\u001b[2m).\u001b[22mtoBe\u001b[2m(\u001b[22m\u001b[32mexpected\u001b[39m\u001b[2m) // Object.is equality\u001b[22m\n\nExpected: \u001b[32m200\u001b[39m\nReceived: \u001b[31m800\u001b[39m","name":"toBe","pass":false}}],"failureMessages":["Error: \u001b[2mexpect(\u001b[22m\u001b[31mreceived\u001b[39m\u001b[2m).\u001b[22mtoBe\u001b[2m(\u001b[22m\u001b[32mexpected\u001b[39m\u001b[2m) // Object.is equality\u001b[22m\n\nExpected: \u001b[32m200\u001b[39m\nReceived: \u001b[31m800\u001b[39m\n    at Object.toBe (D:\\kaka\\tests\\financial\\financial.reporting.test.js:198:49)\n    at processTicksAndRejections (node:internal/process/task_queues:95:5)"],"fullName":"FINANCIAL REPORTING SUPERADMIN can query another tenant via tenantId (cross-tenant but still filtered)","invocations":1,"location":null,"numPassingAsserts":2,"retryReasons":[],"startAt":1771344416502,"status":"failed","title":"SUPERADMIN can query another tenant via tenantId (cross-tenant but still filtered)"},{"ancestorTitles":["FINANCIAL REPORTING"],"duration":309,"failing":false,"failureDetails":[],"failureMessages":[],"fullName":"FINANCIAL REPORTING BP sees only their own revenue","invocations":1,"location":null,"numPassingAsserts":6,"retryReasons":[],"startAt":1771344416601,"status":"passed","title":"BP sees only their own revenue"},{"ancestorTitles":["FINANCIAL REPORTING"],"duration":131,"failing":false,"failureDetails":[],"failureMessages":[],"fullName":"FINANCIAL REPORTING CENTER summary is scoped to centerId","invocations":1,"location":null,"numPassingAsserts":3,"retryReasons":[],"startAt":1771344416912,"status":"passed","title":"CENTER summary is scoped to centerId"},{"ancestorTitles":["FINANCIAL REPORTING"],"duration":210,"failing":false,"failureDetails":[],"failureMessages":[],"fullName":"FINANCIAL REPORTING ledger pagination is deterministic","invocations":1,"location":null,"numPassingAsserts":6,"retryReasons":[],"startAt":1771344417045,"status":"passed","title":"ledger pagination is deterministic"}],"endTime":1771344417325,"message":"\u001b[1m\u001b[31m  \u001b[1m● \u001b[22m\u001b[1mFINANCIAL REPORTING › date range filtering works\u001b[39m\u001b[22m\n\n    \u001b[2mexpect(\u001b[22m\u001b[31mreceived\u001b[39m\u001b[2m).\u001b[22mtoBe\u001b[2m(\u001b[22m\u001b[32mexpected\u001b[39m\u001b[2m) // Object.is equality\u001b[22m\n\n    Expected: \u001b[32m25\u001b[39m\n    Received: \u001b[31m100\u001b[39m\n\u001b[2m\u001b[22m\n\u001b[2m    \u001b[0m \u001b[90m 186 |\u001b[39m\u001b[22m\n\u001b[2m     \u001b[90m 187 |\u001b[39m     expect(response\u001b[33m.\u001b[39mstatus)\u001b[33m.\u001b[39mtoBe(\u001b[35m200\u001b[39m)\u001b[33m;\u001b[39m\u001b[22m\n\u001b[2m    \u001b[31m\u001b[1m>\u001b[22m\u001b[2m\u001b[39m\u001b[90m 188 |\u001b[39m     expect(response\u001b[33m.\u001b[39mbody\u001b[33m.\u001b[39mdata\u001b[33m.\u001b[39mtotalGrossAmount)\u001b[33m.\u001b[39mtoBe(\u001b[35m25\u001b[39m)\u001b[33m;\u001b[39m\u001b[22m\n\u001b[2m     \u001b[90m     |\u001b[39m                                                 \u001b[31m\u001b[1m^\u001b[22m\u001b[2m\u001b[39m\u001b[22m\n\u001b[2m     \u001b[90m 189 |\u001b[39m   })\u001b[33m;\u001b[39m\u001b[22m\n\u001b[2m     \u001b[90m 190 |\u001b[39m\u001b[22m\n\u001b[2m     \u001b[90m 191 |\u001b[39m   test(\u001b[32m\"SUPERADMIN can query another tenant via tenantId (cross-tenant but still filtered)\"\u001b[39m\u001b[33m,\u001b[39m \u001b[36masync\u001b[39m () \u001b[33m=>\u001b[39m {\u001b[0m\u001b[22m\n\u001b[2m\u001b[22m\n\u001b[2m      \u001b[2mat Object.toBe (\u001b[22m\u001b[2m\u001b[0m\u001b[36mtests/financial/financial.reporting.test.js\u001b[39m\u001b[0m\u001b[2m:188:49)\u001b[22m\u001b[2m\u001b[22m\n\n\u001b[1m\u001b[31m  \u001b[1m● \u001b[22m\u001b[1mFINANCIAL REPORTING › SUPERADMIN can query another tenant via tenantId (cross-tenant but still filtered)\u001b[39m\u001b[22m\n\n    \u001b[2mexpect(\u001b[22m\u001b[31mreceived\u001b[39m\u001b[2m).\u001b[22mtoBe\u001b[2m(\u001b[22m\u001b[32mexpected\u001b[39m\u001b[2m) // Object.is equality\u001b[22m\n\n    Expected: \u001b[32m200\u001b[39m\n    Received: \u001b[31m800\u001b[39m\n\u001b[2m\u001b[22m\n\u001b[2m    \u001b[0m \u001b[90m 196 |\u001b[39m     expect(response\u001b[33m.\u001b[39mstatus)\u001b[33m.\u001b[39mtoBe(\u001b[35m200\u001b[39m)\u001b[33m;\u001b[39m\u001b[22m\n\u001b[2m     \u001b[90m 197 |\u001b[39m     expect(response\u001b[33m.\u001b[39mbody\u001b[33m.\u001b[39mdata\u001b[33m.\u001b[39mtenantId)\u001b[33m.\u001b[39mtoBe(tenantOther\u001b[33m.\u001b[39mid)\u001b[33m;\u001b[39m\u001b[22m\n\u001b[2m    \u001b[31m\u001b[1m>\u001b[22m\u001b[2m\u001b[39m\u001b[90m 198 |\u001b[39m     expect(response\u001b[33m.\u001b[39mbody\u001b[33m.\u001b[39mdata\u001b[33m.\u001b[39mtotalGrossAmount)\u001b[33m.\u001b[39mtoBe(\u001b[35m200\u001b[39m)\u001b[33m;\u001b[39m\u001b[22m\n\u001b[2m     \u001b[90m     |\u001b[39m                                                 \u001b[31m\u001b[1m^\u001b[22m\u001b[2m\u001b[39m\u001b[22m\n\u001b[2m     \u001b[90m 199 |\u001b[39m   })\u001b[33m;\u001b[39m\u001b[22m\n\u001b[2m     \u001b[90m 200 |\u001b[39m\u001b[22m\n\u001b[2m     \u001b[90m 201 |\u001b[39m   test(\u001b[32m\"BP sees only their own revenue\"\u001b[39m\u001b[33m,\u001b[39m \u001b[36masync\u001b[39m () \u001b[33m=>\u001b[39m {\u001b[0m\u001b[22m\n\u001b[2m\u001b[22m\n\u001b[2m      \u001b[2mat Object.toBe (\u001b[22m\u001b[2m\u001b[0m\u001b[36mtests/financial/financial.reporting.test.js\u001b[39m\u001b[0m\u001b[2m:198:49)\u001b[22m\u001b[2m\u001b[22m\n","name":"D:\\kaka\\tests\\financial\\financial.reporting.test.js","startTime":1771344411028,"status":"failed","summary":""},{"assertionResults":[{"ancestorTitles":["ABUSE"],"duration":334,"failing":false,"failureDetails":[{}],"failureMessages":["TypeError: Cannot read properties of null (reading 'worksheetId')\n    at Object.worksheetId (D:\\kaka\\tests\\abuse\\abuse.test.js:53:47)\n    at processTicksAndRejections (node:internal/process/task_queues:95:5)"],"fullName":"ABUSE Rapid submission triggers RAPID_SUBMISSION","invocations":1,"location":null,"numPassingAsserts":0,"retryReasons":[],"startAt":1771344420508,"status":"failed","title":"Rapid submission triggers RAPID_SUBMISSION"},{"ancestorTitles":["ABUSE"],"duration":167,"failing":false,"failureDetails":[{}],"failureMessages":["TypeError: Cannot read properties of null (reading 'worksheetId')\n    at Object.worksheetId (D:\\kaka\\tests\\abuse\\abuse.test.js:93:47)\n    at processTicksAndRejections (node:internal/process/task_queues:95:5)"],"fullName":"ABUSE Perfect streak triggers PERFECT_STREAK","invocations":1,"location":null,"numPassingAsserts":0,"retryReasons":[],"startAt":1771344420899,"status":"failed","title":"Perfect streak triggers PERFECT_STREAK"}],"endTime":1771344421095,"message":"\u001b[1m\u001b[31m  \u001b[1m● \u001b[22m\u001b[1mABUSE › Rapid submission triggers RAPID_SUBMISSION\u001b[39m\u001b[22m\n\n    TypeError: Cannot read properties of null (reading 'worksheetId')\n\u001b[2m\u001b[22m\n\u001b[2m    \u001b[0m \u001b[90m 51 |\u001b[39m         \u001b[33m.\u001b[39m\u001b[36mset\u001b[39m(authHeader(token))\u001b[33m;\u001b[39m\u001b[22m\n\u001b[2m     \u001b[90m 52 |\u001b[39m\u001b[22m\n\u001b[2m    \u001b[31m\u001b[1m>\u001b[22m\u001b[2m\u001b[39m\u001b[90m 53 |\u001b[39m       \u001b[36mconst\u001b[39m worksheetId \u001b[33m=\u001b[39m generated\u001b[33m.\u001b[39mbody\u001b[33m.\u001b[39mdata\u001b[33m.\u001b[39mworksheetId\u001b[33m;\u001b[39m\u001b[22m\n\u001b[2m     \u001b[90m    |\u001b[39m                                               \u001b[31m\u001b[1m^\u001b[22m\u001b[2m\u001b[39m\u001b[22m\n\u001b[2m     \u001b[90m 54 |\u001b[39m       \u001b[36mconst\u001b[39m question \u001b[33m=\u001b[39m \u001b[36mawait\u001b[39m prisma\u001b[33m.\u001b[39mworksheetQuestion\u001b[33m.\u001b[39mfindFirstOrThrow({\u001b[22m\n\u001b[2m     \u001b[90m 55 |\u001b[39m         where\u001b[33m:\u001b[39m { worksheetId }\u001b[33m,\u001b[39m\u001b[22m\n\u001b[2m     \u001b[90m 56 |\u001b[39m         orderBy\u001b[33m:\u001b[39m { questionNumber\u001b[33m:\u001b[39m \u001b[32m\"asc\"\u001b[39m }\u001b[0m\u001b[22m\n\u001b[2m\u001b[22m\n\u001b[2m      \u001b[2mat Object.worksheetId (\u001b[22m\u001b[2m\u001b[0m\u001b[36mtests/abuse/abuse.test.js\u001b[39m\u001b[0m\u001b[2m:53:47)\u001b[22m\u001b[2m\u001b[22m\n\n\u001b[1m\u001b[31m  \u001b[1m● \u001b[22m\u001b[1mABUSE › Perfect streak triggers PERFECT_STREAK\u001b[39m\u001b[22m\n\n    TypeError: Cannot read properties of null (reading 'worksheetId')\n\u001b[2m\u001b[22m\n\u001b[2m    \u001b[0m \u001b[90m 91 |\u001b[39m         \u001b[33m.\u001b[39m\u001b[36mset\u001b[39m(authHeader(token))\u001b[33m;\u001b[39m\u001b[22m\n\u001b[2m     \u001b[90m 92 |\u001b[39m\u001b[22m\n\u001b[2m    \u001b[31m\u001b[1m>\u001b[22m\u001b[2m\u001b[39m\u001b[90m 93 |\u001b[39m       \u001b[36mconst\u001b[39m worksheetId \u001b[33m=\u001b[39m generated\u001b[33m.\u001b[39mbody\u001b[33m.\u001b[39mdata\u001b[33m.\u001b[39mworksheetId\u001b[33m;\u001b[39m\u001b[22m\n\u001b[2m     \u001b[90m    |\u001b[39m                                               \u001b[31m\u001b[1m^\u001b[22m\u001b[2m\u001b[39m\u001b[22m\n\u001b[2m     \u001b[90m 94 |\u001b[39m       \u001b[36mconst\u001b[39m questions \u001b[33m=\u001b[39m \u001b[36mawait\u001b[39m prisma\u001b[33m.\u001b[39mworksheetQuestion\u001b[33m.\u001b[39mfindMany({\u001b[22m\n\u001b[2m     \u001b[90m 95 |\u001b[39m         where\u001b[33m:\u001b[39m { worksheetId }\u001b[33m,\u001b[39m\u001b[22m\n\u001b[2m     \u001b[90m 96 |\u001b[39m         orderBy\u001b[33m:\u001b[39m { questionNumber\u001b[33m:\u001b[39m \u001b[32m\"asc\"\u001b[39m }\u001b[0m\u001b[22m\n\u001b[2m\u001b[22m\n\u001b[2m      \u001b[2mat Object.worksheetId (\u001b[22m\u001b[2m\u001b[0m\u001b[36mtests/abuse/abuse.test.js\u001b[39m\u001b[0m\u001b[2m:93:47)\u001b[22m\u001b[2m\u001b[22m\n","name":"D:\\kaka\\tests\\abuse\\abuse.test.js","startTime":1771344417402,"status":"failed","summary":""},{"assertionResults":[{"ancestorTitles":["SECURITY: SUPERADMIN regression suite","GOVERNANCE REALIGNMENT"],"duration":1026,"failing":false,"failureDetails":[],"failureMessages":[],"fullName":"SECURITY: SUPERADMIN regression suite GOVERNANCE REALIGNMENT BP cannot mutate academic engine (create level)","invocations":1,"location":null,"numPassingAsserts":3,"retryReasons":[],"startAt":1771344423585,"status":"passed","title":"BP cannot mutate academic engine (create level)"},{"ancestorTitles":["SECURITY: SUPERADMIN regression suite","GOVERNANCE REALIGNMENT"],"duration":878,"failing":false,"failureDetails":[],"failureMessages":[],"fullName":"SECURITY: SUPERADMIN regression suite GOVERNANCE REALIGNMENT SUPERADMIN cannot mutate operational flow (create student)","invocations":1,"location":null,"numPassingAsserts":2,"retryReasons":[],"startAt":1771344424620,"status":"passed","title":"SUPERADMIN cannot mutate operational flow (create student)"},{"ancestorTitles":["SECURITY: SUPERADMIN regression suite","GOVERNANCE REALIGNMENT"],"duration":755,"failing":false,"failureDetails":[],"failureMessages":[],"fullName":"SECURITY: SUPERADMIN regression suite GOVERNANCE REALIGNMENT Client cannot inject competition status on creation","invocations":1,"location":null,"numPassingAsserts":4,"retryReasons":[],"startAt":1771344425501,"status":"passed","title":"Client cannot inject competition status on creation"},{"ancestorTitles":["SECURITY: SUPERADMIN regression suite","1) ROLE ESCALATION BLOCKING"],"duration":668,"failing":false,"failureDetails":[],"failureMessages":[],"fullName":"SECURITY: SUPERADMIN regression suite 1) ROLE ESCALATION BLOCKING BP cannot create SUPERADMIN","invocations":1,"location":null,"numPassingAsserts":3,"retryReasons":[],"startAt":1771344426259,"status":"passed","title":"BP cannot create SUPERADMIN"},{"ancestorTitles":["SECURITY: SUPERADMIN regression suite","1) ROLE ESCALATION BLOCKING"],"duration":1273,"failing":false,"failureDetails":[],"failureMessages":[],"fullName":"SECURITY: SUPERADMIN regression suite 1) ROLE ESCALATION BLOCKING FRANCHISE cannot mutate SUPERADMIN role","invocations":1,"location":null,"numPassingAsserts":3,"retryReasons":[],"startAt":1771344426931,"status":"passed","title":"FRANCHISE cannot mutate SUPERADMIN role"},{"ancestorTitles":["SECURITY: SUPERADMIN regression suite","1) ROLE ESCALATION BLOCKING"],"duration":632,"failing":false,"failureDetails":[],"failureMessages":[],"fullName":"SECURITY: SUPERADMIN regression suite 1) ROLE ESCALATION BLOCKING CENTER cannot access analytics","invocations":1,"location":null,"numPassingAsserts":3,"retryReasons":[],"startAt":1771344428206,"status":"passed","title":"CENTER cannot access analytics"},{"ancestorTitles":["SECURITY: SUPERADMIN regression suite","1) ROLE ESCALATION BLOCKING"],"duration":645,"failing":false,"failureDetails":[],"failureMessages":[],"fullName":"SECURITY: SUPERADMIN regression suite 1) ROLE ESCALATION BLOCKING TEACHER cannot create hierarchy","invocations":1,"location":null,"numPassingAsserts":3,"retryReasons":[],"startAt":1771344428845,"status":"passed","title":"TEACHER cannot create hierarchy"},{"ancestorTitles":["SECURITY: SUPERADMIN regression suite","1) ROLE ESCALATION BLOCKING"],"duration":993,"failing":false,"failureDetails":[],"failureMessages":[],"fullName":"SECURITY: SUPERADMIN regression suite 1) ROLE ESCALATION BLOCKING SUPERADMIN cannot self-downgrade","invocations":1,"location":null,"numPassingAsserts":2,"retryReasons":[],"startAt":1771344429492,"status":"passed","title":"SUPERADMIN cannot self-downgrade"},{"ancestorTitles":["SECURITY: SUPERADMIN regression suite","2) LAST SUPERADMIN PROTECTION"],"duration":628,"failing":false,"failureDetails":[],"failureMessages":[],"fullName":"SECURITY: SUPERADMIN regression suite 2) LAST SUPERADMIN PROTECTION Attempt downgrade of only SUPERADMIN => 403 LAST_SUPERADMIN_PROTECTED","invocations":1,"location":null,"numPassingAsserts":2,"retryReasons":[],"startAt":1771344430487,"status":"passed","title":"Attempt downgrade of only SUPERADMIN => 403 LAST_SUPERADMIN_PROTECTED"},{"ancestorTitles":["SECURITY: SUPERADMIN regression suite","2) LAST SUPERADMIN PROTECTION"],"duration":873,"failing":false,"failureDetails":[],"failureMessages":[],"fullName":"SECURITY: SUPERADMIN regression suite 2) LAST SUPERADMIN PROTECTION Attempt deletion endpoint (if exists) must be forbidden","invocations":1,"location":null,"numPassingAsserts":1,"retryReasons":[],"startAt":1771344431117,"status":"passed","title":"Attempt deletion endpoint (if exists) must be forbidden"},{"ancestorTitles":["SECURITY: SUPERADMIN regression suite","3) REFRESH TOKEN REPLAY"],"duration":1328,"failing":false,"failureDetails":[],"failureMessages":[],"fullName":"SECURITY: SUPERADMIN regression suite 3) REFRESH TOKEN REPLAY Reuse old refresh token after rotation => 401 REFRESH_TOKEN_REUSED","invocations":1,"location":null,"numPassingAsserts":4,"retryReasons":[],"startAt":1771344431999,"status":"passed","title":"Reuse old refresh token after rotation => 401 REFRESH_TOKEN_REUSED"},{"ancestorTitles":["SECURITY: SUPERADMIN regression suite","4) JWT CLAIM ENFORCEMENT"],"duration":58,"failing":false,"failureDetails":[],"failureMessages":[],"fullName":"SECURITY: SUPERADMIN regression suite 4) JWT CLAIM ENFORCEMENT Wrong audience => 401","invocations":1,"location":null,"numPassingAsserts":2,"retryReasons":[],"startAt":1771344433330,"status":"passed","title":"Wrong audience => 401"},{"ancestorTitles":["SECURITY: SUPERADMIN regression suite","4) JWT CLAIM ENFORCEMENT"],"duration":56,"failing":false,"failureDetails":[],"failureMessages":[],"fullName":"SECURITY: SUPERADMIN regression suite 4) JWT CLAIM ENFORCEMENT Wrong issuer => 401","invocations":1,"location":null,"numPassingAsserts":2,"retryReasons":[],"startAt":1771344433390,"status":"passed","title":"Wrong issuer => 401"},{"ancestorTitles":["SECURITY: SUPERADMIN regression suite","4) JWT CLAIM ENFORCEMENT"],"duration":678,"failing":false,"failureDetails":[],"failureMessages":[],"fullName":"SECURITY: SUPERADMIN regression suite 4) JWT CLAIM ENFORCEMENT Wrong token type on access route => 401","invocations":1,"location":null,"numPassingAsserts":2,"retryReasons":[],"startAt":1771344433448,"status":"passed","title":"Wrong token type on access route => 401"},{"ancestorTitles":["SECURITY: SUPERADMIN regression suite","4) JWT CLAIM ENFORCEMENT"],"duration":83,"failing":false,"failureDetails":[],"failureMessages":[],"fullName":"SECURITY: SUPERADMIN regression suite 4) JWT CLAIM ENFORCEMENT Expired token => 401","invocations":1,"location":null,"numPassingAsserts":2,"retryReasons":[],"startAt":1771344434130,"status":"passed","title":"Expired token => 401"},{"ancestorTitles":["SECURITY: SUPERADMIN regression suite","5) TENANT ISOLATION"],"duration":923,"failing":false,"failureDetails":[],"failureMessages":[],"fullName":"SECURITY: SUPERADMIN regression suite 5) TENANT ISOLATION Tenant A user cannot access Tenant B student => 403","invocations":1,"location":null,"numPassingAsserts":3,"retryReasons":[],"startAt":1771344434217,"status":"passed","title":"Tenant A user cannot access Tenant B student => 403"}],"endTime":1771344435157,"message":"","name":"D:\\kaka\\tests\\security\\superadmin.security.test.js","startTime":1771344421152,"status":"passed","summary":""},{"assertionResults":[{"ancestorTitles":["AUTH: hierarchical identity"],"duration":2066,"failing":false,"failureDetails":[],"failureMessages":[],"fullName":"AUTH: hierarchical identity Parent can reset child password","invocations":1,"location":null,"numPassingAsserts":3,"retryReasons":[],"startAt":1771344437030,"status":"passed","title":"Parent can reset child password"},{"ancestorTitles":["AUTH: hierarchical identity"],"duration":719,"failing":false,"failureDetails":[],"failureMessages":[],"fullName":"AUTH: hierarchical identity Child cannot reset parent password","invocations":1,"location":null,"numPassingAsserts":2,"retryReasons":[],"startAt":1771344439100,"status":"passed","title":"Child cannot reset parent password"},{"ancestorTitles":["AUTH: hierarchical identity"],"duration":3310,"failing":false,"failureDetails":[],"failureMessages":[],"fullName":"AUTH: hierarchical identity Account locks after 5 failed attempts","invocations":1,"location":null,"numPassingAsserts":11,"retryReasons":[],"startAt":1771344439821,"status":"passed","title":"Account locks after 5 failed attempts"},{"ancestorTitles":["AUTH: hierarchical identity"],"duration":2493,"failing":false,"failureDetails":[],"failureMessages":[],"fullName":"AUTH: hierarchical identity mustChangePassword blocks API until changed","invocations":1,"location":null,"numPassingAsserts":5,"retryReasons":[],"startAt":1771344443133,"status":"passed","title":"mustChangePassword blocks API until changed"}],"endTime":1771344445633,"message":"","name":"D:\\kaka\\tests\\auth\\hierarchical-identity.test.js","startTime":1771344435226,"status":"passed","summary":""},{"assertionResults":[{"ancestorTitles":["PROMOTION LIFECYCLE INTEGRITY"],"duration":438,"failing":false,"failureDetails":[],"failureMessages":[],"fullName":"PROMOTION LIFECYCLE INTEGRITY No-skip enforcement blocks direct assignment to Level 3","invocations":1,"location":null,"numPassingAsserts":2,"retryReasons":[],"startAt":1771344448986,"status":"passed","title":"No-skip enforcement blocks direct assignment to Level 3"},{"ancestorTitles":["PROMOTION LIFECYCLE INTEGRITY"],"duration":811,"failing":false,"failureDetails":[],"failureMessages":[],"fullName":"PROMOTION LIFECYCLE INTEGRITY Pass-threshold boundary: 84.99 fails, 85.00 passes","invocations":1,"location":null,"numPassingAsserts":4,"retryReasons":[],"startAt":1771344449427,"status":"passed","title":"Pass-threshold boundary: 84.99 fails, 85.00 passes"},{"ancestorTitles":["PROMOTION LIFECYCLE INTEGRITY"],"duration":716,"failing":false,"failureDetails":[],"failureMessages":[],"fullName":"PROMOTION LIFECYCLE INTEGRITY Progression history created once and duplicate promotion blocked","invocations":1,"location":null,"numPassingAsserts":3,"retryReasons":[],"startAt":1771344450241,"status":"passed","title":"Progression history created once and duplicate promotion blocked"},{"ancestorTitles":["PROMOTION LIFECYCLE INTEGRITY"],"duration":219,"failing":false,"failureDetails":[],"failureMessages":[],"fullName":"PROMOTION LIFECYCLE INTEGRITY Transaction rollback on failure keeps level unchanged and no history","invocations":1,"location":null,"numPassingAsserts":4,"retryReasons":[],"startAt":1771344450959,"status":"passed","title":"Transaction rollback on failure keeps level unchanged and no history"},{"ancestorTitles":["PROMOTION LIFECYCLE INTEGRITY"],"duration":596,"failing":false,"failureDetails":[],"failureMessages":[],"fullName":"PROMOTION LIFECYCLE INTEGRITY Duplicate active enrollment blocked at API and DB layer","invocations":1,"location":null,"numPassingAsserts":3,"retryReasons":[],"startAt":1771344451181,"status":"passed","title":"Duplicate active enrollment blocked at API and DB layer"}],"endTime":1771344451783,"message":"","name":"D:\\kaka\\tests\\promotion\\promotion.lifecycle.test.js","startTime":1771344445678,"status":"passed","summary":""},{"assertionResults":[{"ancestorTitles":["COMPETITION WORKFLOW HARDENING"],"duration":514,"failing":false,"failureDetails":[],"failureMessages":[],"fullName":"COMPETITION WORKFLOW HARDENING reject requires reason (no partial writes)","invocations":1,"location":null,"numPassingAsserts":7,"retryReasons":[],"startAt":1771344455050,"status":"passed","title":"reject requires reason (no partial writes)"},{"ancestorTitles":["COMPETITION WORKFLOW HARDENING"],"duration":813,"failing":false,"failureDetails":[],"failureMessages":[],"fullName":"COMPETITION WORKFLOW HARDENING reject prevents further transitions","invocations":1,"location":null,"numPassingAsserts":11,"retryReasons":[],"startAt":1771344455573,"status":"passed","title":"reject prevents further transitions"},{"ancestorTitles":["COMPETITION WORKFLOW HARDENING"],"duration":429,"failing":false,"failureDetails":[],"failureMessages":[],"fullName":"COMPETITION WORKFLOW HARDENING backward/skip role transitions are denied","invocations":1,"location":null,"numPassingAsserts":6,"retryReasons":[],"startAt":1771344456388,"status":"passed","title":"backward/skip role transitions are denied"},{"ancestorTitles":["COMPETITION WORKFLOW HARDENING"],"duration":604,"failing":false,"failureDetails":[],"failureMessages":[],"fullName":"COMPETITION WORKFLOW HARDENING immutable transition log records forward + reject in order","invocations":1,"location":null,"numPassingAsserts":8,"retryReasons":[],"startAt":1771344456821,"status":"passed","title":"immutable transition log records forward + reject in order"}],"endTime":1771344457430,"message":"","name":"D:\\kaka\\tests\\competition\\competition.workflow.reject.test.js","startTime":1771344451831,"status":"passed","summary":""},{"assertionResults":[{"ancestorTitles":["COMPETITION"],"duration":474,"failing":false,"failureDetails":[],"failureMessages":[],"fullName":"COMPETITION Stage forward works","invocations":1,"location":null,"numPassingAsserts":4,"retryReasons":[],"startAt":1771344460707,"status":"passed","title":"Stage forward works"},{"ancestorTitles":["COMPETITION"],"duration":800,"failing":false,"failureDetails":[],"failureMessages":[],"fullName":"COMPETITION Invalid stage forward blocked","invocations":1,"location":null,"numPassingAsserts":2,"retryReasons":[],"startAt":1771344461185,"status":"passed","title":"Invalid stage forward blocked"},{"ancestorTitles":["COMPETITION"],"duration":508,"failing":false,"failureDetails":[],"failureMessages":[],"fullName":"COMPETITION Leaderboard sorted correctly","invocations":1,"location":null,"numPassingAsserts":4,"retryReasons":[],"startAt":1771344461988,"status":"passed","title":"Leaderboard sorted correctly"}],"endTime":1771344462520,"message":"","name":"D:\\kaka\\tests\\competition\\competition.test.js","startTime":1771344457485,"status":"passed","summary":""},{"assertionResults":[{"ancestorTitles":["NOTIFICATIONS"],"duration":1197,"failing":false,"failureDetails":[],"failureMessages":[],"fullName":"NOTIFICATIONS Notification created after promotion","invocations":1,"location":null,"numPassingAsserts":3,"retryReasons":[],"startAt":1771344466614,"status":"passed","title":"Notification created after promotion"},{"ancestorTitles":["NOTIFICATIONS"],"duration":163,"failing":false,"failureDetails":[],"failureMessages":[],"fullName":"NOTIFICATIONS markAsRead updates state","invocations":1,"location":null,"numPassingAsserts":3,"retryReasons":[],"startAt":1771344467814,"status":"passed","title":"markAsRead updates state"},{"ancestorTitles":["NOTIFICATIONS"],"duration":155,"failing":false,"failureDetails":[],"failureMessages":[],"fullName":"NOTIFICATIONS markAllAsRead works","invocations":1,"location":null,"numPassingAsserts":3,"retryReasons":[],"startAt":1771344467979,"status":"passed","title":"markAllAsRead works"}],"endTime":1771344468140,"message":"","name":"D:\\kaka\\tests\\notifications\\notifications.test.js","startTime":1771344462653,"status":"passed","summary":""},{"assertionResults":[{"ancestorTitles":["PROMOTION"],"duration":751,"failing":false,"failureDetails":[],"failureMessages":[],"fullName":"PROMOTION Eligible student → confirm success","invocations":1,"location":null,"numPassingAsserts":6,"retryReasons":[],"startAt":1771344471183,"status":"passed","title":"Eligible student → confirm success"},{"ancestorTitles":["PROMOTION"],"duration":864,"failing":false,"failureDetails":[],"failureMessages":[],"fullName":"PROMOTION Not eligible → 409","invocations":1,"location":null,"numPassingAsserts":3,"retryReasons":[],"startAt":1771344471943,"status":"passed","title":"Not eligible → 409"},{"ancestorTitles":["PROMOTION"],"duration":844,"failing":false,"failureDetails":[],"failureMessages":[],"fullName":"PROMOTION Double promotion blocked","invocations":1,"location":null,"numPassingAsserts":3,"retryReasons":[],"startAt":1771344472839,"status":"passed","title":"Double promotion blocked"},{"ancestorTitles":["PROMOTION"],"duration":186,"failing":false,"failureDetails":[],"failureMessages":[],"fullName":"PROMOTION Level skipping blocked","invocations":1,"location":null,"numPassingAsserts":2,"retryReasons":[],"startAt":1771344473685,"status":"passed","title":"Level skipping blocked"}],"endTime":1771344473877,"message":"","name":"D:\\kaka\\tests\\promotion\\promotion.test.js","startTime":1771344468189,"status":"passed","summary":""},{"assertionResults":[{"ancestorTitles":["WORKSHEET"],"duration":318,"failing":false,"failureDetails":[],"failureMessages":[],"fullName":"WORKSHEET Generation returns correct question count","invocations":1,"location":null,"numPassingAsserts":4,"retryReasons":[],"startAt":1771344477033,"status":"passed","title":"Generation returns correct question count"},{"ancestorTitles":["WORKSHEET"],"duration":1042,"failing":false,"failureDetails":[],"failureMessages":[],"fullName":"WORKSHEET Submission calculates accuracy correctly","invocations":1,"location":null,"numPassingAsserts":8,"retryReasons":[],"startAt":1771344477356,"status":"passed","title":"Submission calculates accuracy correctly"},{"ancestorTitles":["WORKSHEET"],"duration":462,"failing":false,"failureDetails":[],"failureMessages":[],"fullName":"WORKSHEET Time limit violation rejected","invocations":1,"location":null,"numPassingAsserts":2,"retryReasons":[],"startAt":1771344478400,"status":"passed","title":"Time limit violation rejected"}],"endTime":1771344478869,"message":"","name":"D:\\kaka\\tests\\worksheet\\worksheet.test.js","startTime":1771344473934,"status":"passed","summary":""},{"assertionResults":[{"ancestorTitles":["PAGINATION HARDENING"],"duration":963,"failing":false,"failureDetails":[],"failureMessages":[],"fullName":"PAGINATION HARDENING students list: default limit=20, max limit=100, stable pages","invocations":1,"location":null,"numPassingAsserts":12,"retryReasons":[],"startAt":1771344481723,"status":"passed","title":"students list: default limit=20, max limit=100, stable pages"},{"ancestorTitles":["PAGINATION HARDENING"],"duration":1256,"failing":false,"failureDetails":[],"failureMessages":[],"fullName":"PAGINATION HARDENING worksheets/competitions/teachers/submissions default limit applied","invocations":1,"location":null,"numPassingAsserts":8,"retryReasons":[],"startAt":1771344482698,"status":"passed","title":"worksheets/competitions/teachers/submissions default limit applied"}],"endTime":1771344483961,"message":"","name":"D:\\kaka\\tests\\pagination\\pagination.test.js","startTime":1771344478911,"status":"passed","summary":""},{"assertionResults":[{"ancestorTitles":["FINANCIAL LEDGER"],"duration":333,"failing":false,"failureDetails":[],"failureMessages":[],"fullName":"FINANCIAL LEDGER transaction inserted on student enrollment (createStudent)","invocations":1,"location":null,"numPassingAsserts":3,"retryReasons":[],"startAt":1771344486943,"status":"passed","title":"transaction inserted on student enrollment (createStudent)"},{"ancestorTitles":["FINANCIAL LEDGER"],"duration":675,"failing":false,"failureDetails":[],"failureMessages":[],"fullName":"FINANCIAL LEDGER transaction inserted on competition enrollment","invocations":1,"location":null,"numPassingAsserts":4,"retryReasons":[],"startAt":1771344487287,"status":"passed","title":"transaction inserted on competition enrollment"},{"ancestorTitles":["FINANCIAL LEDGER"],"duration":156,"failing":false,"failureDetails":[],"failureMessages":[],"fullName":"FINANCIAL LEDGER no update/delete endpoints allowed","invocations":1,"location":null,"numPassingAsserts":2,"retryReasons":[],"startAt":1771344487964,"status":"passed","title":"no update/delete endpoints allowed"},{"ancestorTitles":["FINANCIAL LEDGER"],"duration":565,"failing":false,"failureDetails":[],"failureMessages":[],"fullName":"FINANCIAL LEDGER transactional rollback safety on invalid (negative) fee","invocations":1,"location":null,"numPassingAsserts":3,"retryReasons":[],"startAt":1771344488125,"status":"passed","title":"transactional rollback safety on invalid (negative) fee"}],"endTime":1771344488703,"message":"","name":"D:\\kaka\\tests\\financial\\financial.ledger.test.js","startTime":1771344484011,"status":"passed","summary":""},{"assertionResults":[{"ancestorTitles":["SUBSCRIPTION ENFORCEMENT"],"duration":648,"failing":false,"failureDetails":[],"failureMessages":[],"fullName":"SUBSCRIPTION ENFORCEMENT expired BP cannot create student","invocations":1,"location":null,"numPassingAsserts":2,"retryReasons":[],"startAt":1771344492663,"status":"passed","title":"expired BP cannot create student"},{"ancestorTitles":["SUBSCRIPTION ENFORCEMENT"],"duration":334,"failing":false,"failureDetails":[],"failureMessages":[],"fullName":"SUBSCRIPTION ENFORCEMENT expired BP cannot enroll competition","invocations":1,"location":null,"numPassingAsserts":2,"retryReasons":[],"startAt":1771344493328,"status":"passed","title":"expired BP cannot enroll competition"},{"ancestorTitles":["SUBSCRIPTION ENFORCEMENT"],"duration":418,"failing":false,"failureDetails":[],"failureMessages":[],"fullName":"SUBSCRIPTION ENFORCEMENT SUPERADMIN can override and write even when BP expired","invocations":1,"location":null,"numPassingAsserts":1,"retryReasons":[],"startAt":1771344493665,"status":"passed","title":"SUPERADMIN can override and write even when BP expired"},{"ancestorTitles":["SUBSCRIPTION ENFORCEMENT"],"duration":468,"failing":false,"failureDetails":[],"failureMessages":[],"fullName":"SUBSCRIPTION ENFORCEMENT grace period respected (writes allowed before grace end)","invocations":1,"location":null,"numPassingAsserts":2,"retryReasons":[],"startAt":1771344494086,"status":"passed","title":"grace period respected (writes allowed before grace end)"}],"endTime":1771344494564,"message":"","name":"D:\\kaka\\tests\\subscription\\subscription.enforcement.test.js","startTime":1771344488796,"status":"passed","summary":""},{"assertionResults":[{"ancestorTitles":["BUSINESS PARTNER ONBOARDING"],"duration":863,"failing":false,"failureDetails":[],"failureMessages":[],"fullName":"BUSINESS PARTNER ONBOARDING onboarding is transactional (auth user create failure rolls back partner)","invocations":1,"location":null,"numPassingAsserts":2,"retryReasons":[],"startAt":1771344497188,"status":"passed","title":"onboarding is transactional (auth user create failure rolls back partner)"},{"ancestorTitles":["BUSINESS PARTNER ONBOARDING"],"duration":701,"failing":false,"failureDetails":[],"failureMessages":[],"fullName":"BUSINESS PARTNER ONBOARDING onboarding creates partner with ACTIVE trial expiry and admin user","invocations":1,"location":null,"numPassingAsserts":5,"retryReasons":[],"startAt":1771344498057,"status":"passed","title":"onboarding creates partner with ACTIVE trial expiry and admin user"}],"endTime":1771344498763,"message":"","name":"D:\\kaka\\tests\\onboarding\\onboarding.transactional.test.js","startTime":1771344494616,"status":"passed","summary":""},{"assertionResults":[{"ancestorTitles":["AUTH"],"duration":811,"failing":false,"failureDetails":[],"failureMessages":[],"fullName":"AUTH Login success","invocations":1,"location":null,"numPassingAsserts":4,"retryReasons":[],"startAt":1771344500575,"status":"passed","title":"Login success"},{"ancestorTitles":["AUTH"],"duration":548,"failing":false,"failureDetails":[],"failureMessages":[],"fullName":"AUTH Login fail","invocations":1,"location":null,"numPassingAsserts":3,"retryReasons":[],"startAt":1771344501391,"status":"passed","title":"Login fail"},{"ancestorTitles":["AUTH"],"duration":69,"failing":false,"failureDetails":[],"failureMessages":[],"fullName":"AUTH Expired access token rejection","invocations":1,"location":null,"numPassingAsserts":2,"retryReasons":[],"startAt":1771344501943,"status":"passed","title":"Expired access token rejection"},{"ancestorTitles":["AUTH"],"duration":1200,"failing":false,"failureDetails":[],"failureMessages":[],"fullName":"AUTH Refresh rotation invalidates old token","invocations":1,"location":null,"numPassingAsserts":7,"retryReasons":[],"startAt":1771344502018,"status":"passed","title":"Refresh rotation invalidates old token"}],"endTime":1771344503225,"message":"","name":"D:\\kaka\\tests\\auth\\auth.test.js","startTime":1771344498807,"status":"passed","summary":""},{"assertionResults":[{"ancestorTitles":["TENANT ISOLATION"],"duration":982,"failing":false,"failureDetails":[],"failureMessages":[],"fullName":"TENANT ISOLATION BP cannot access other tenant student","invocations":1,"location":null,"numPassingAsserts":2,"retryReasons":[],"startAt":1771344505079,"status":"passed","title":"BP cannot access other tenant student"},{"ancestorTitles":["TENANT ISOLATION"],"duration":842,"failing":false,"failureDetails":[],"failureMessages":[],"fullName":"TENANT ISOLATION Cross-tenant competition access blocked","invocations":1,"location":null,"numPassingAsserts":2,"retryReasons":[],"startAt":1771344506070,"status":"passed","title":"Cross-tenant competition access blocked"}],"endTime":1771344506917,"message":"","name":"D:\\kaka\\tests\\scope\\scope.test.js","startTime":1771344503279,"status":"passed","summary":""},{"assertionResults":[{"ancestorTitles":["RBAC"],"duration":976,"failing":false,"failureDetails":[],"failureMessages":[],"fullName":"RBAC CENTER cannot create Business Partner (expect 403)","invocations":1,"location":null,"numPassingAsserts":2,"retryReasons":[],"startAt":1771344508645,"status":"passed","title":"CENTER cannot create Business Partner (expect 403)"},{"ancestorTitles":["RBAC"],"duration":777,"failing":false,"failureDetails":[],"failureMessages":[],"fullName":"RBAC Teacher cannot confirm promotion (expect 403)","invocations":1,"location":null,"numPassingAsserts":2,"retryReasons":[],"startAt":1771344509630,"status":"passed","title":"Teacher cannot confirm promotion (expect 403)"}],"endTime":1771344510414,"message":"","name":"D:\\kaka\\tests\\rbac\\rbac.test.js","startTime":1771344506967,"status":"passed","summary":""},{"assertionResults":[{"ancestorTitles":["REVENUE SPLIT VALIDATION"],"duration":119,"failing":false,"failureDetails":[],"failureMessages":[],"fullName":"REVENUE SPLIT VALIDATION invalid split (sum != 100) is rejected","invocations":1,"location":null,"numPassingAsserts":2,"retryReasons":[],"startAt":1771344513473,"status":"passed","title":"invalid split (sum != 100) is rejected"},{"ancestorTitles":["REVENUE SPLIT VALIDATION"],"duration":345,"failing":false,"failureDetails":[],"failureMessages":[],"fullName":"REVENUE SPLIT VALIDATION ledger applies configured split percents on new enrollment transaction","invocations":1,"location":null,"numPassingAsserts":6,"retryReasons":[],"startAt":1771344513596,"status":"passed","title":"ledger applies configured split percents on new enrollment transaction"}],"endTime":1771344513947,"message":"","name":"D:\\kaka\\tests\\financial\\revenue.split.validation.test.js","startTime":1771344510470,"status":"passed","summary":""},{"assertionResults":[{"ancestorTitles":["SUBSCRIPTION RENEWAL"],"duration":329,"failing":false,"failureDetails":[],"failureMessages":[],"fullName":"SUBSCRIPTION RENEWAL renew extends subscriptionExpiresAt and logs audit","invocations":1,"location":null,"numPassingAsserts":4,"retryReasons":[],"startAt":1771344516446,"status":"passed","title":"renew extends subscriptionExpiresAt and logs audit"}],"endTime":1771344516792,"message":"","name":"D:\\kaka\\tests\\subscription\\subscription.renewal.test.js","startTime":1771344513998,"status":"passed","summary":""}],"wasInterrupted":false}
